<?xml version="1.0" encoding="UTF-8"?>
<!-- Generated by org.testng.reporters.JUnitReportReporter -->
<testsuite hostname="pc-PC" name="com.TestNGProgrammes.ORHRM_TestNG_LoginFunctionality" tests="1" failures="0" timestamp="27 Jul 2019 13:15:38 GMT" time="37.306" errors="0">
  <testcase name="OrangeHRMLogInFun" time="37.306" classname="com.TestNGProgrammes.ORHRM_TestNG_LoginFunctionality"/>
</testsuite> <!-- com.TestNGProgrammes.ORHRM_TestNG_LoginFunctionality -->
