<?xml version="1.0" encoding="UTF-8"?>
<!-- Generated by org.testng.reporters.JUnitReportReporter -->
<testsuite hostname="pc-PC" name="com.TestNGProgrammes.TimeAndDate_AllRows_FirstColumn" tests="1" failures="0" timestamp="28 Jul 2019 10:50:24 GMT" time="2.602" errors="0">
  <testcase name="capturingAllRowsFirstColumndata" time="2.602" classname="com.TestNGProgrammes.TimeAndDate_AllRows_FirstColumn"/>
</testsuite> <!-- com.TestNGProgrammes.TimeAndDate_AllRows_FirstColumn -->
