<?xml version="1.0" encoding="UTF-8"?>
<!-- Generated by org.testng.reporters.JUnitReportReporter -->
<testsuite hostname="pc-PC" name="com.TestNGProgrammes.NewTours_Register_Validation" tests="1" failures="0" timestamp="31 Jul 2019 03:29:55 GMT" time="14.078" errors="0">
  <testcase name="newTours_Register_Data" time="14.078" classname="com.TestNGProgrammes.NewTours_Register_Validation"/>
</testsuite> <!-- com.TestNGProgrammes.NewTours_Register_Validation -->
