<?xml version="1.0" encoding="UTF-8"?>
<!-- Generated by org.testng.reporters.JUnitReportReporter -->
<testsuite hostname="pc-PC" name="com.TestNGProgrammes.TestNG_Annotations" tests="3" failures="0" timestamp="26 Jul 2019 10:57:11 GMT" time="0.011" errors="0">
  <testcase name="OutboxInGmail" time="0.007" classname="com.TestNGProgrammes.TestNG_Annotations"/>
  <testcase name="inboxInGmail" time="0.002" classname="com.TestNGProgrammes.TestNG_Annotations"/>
  <testcase name="gmailLogin" time="0.002" classname="com.TestNGProgrammes.TestNG_Annotations"/>
</testsuite> <!-- com.TestNGProgrammes.TestNG_Annotations -->
