<?xml version="1.0" encoding="UTF-8"?>
<!-- Generated by org.testng.reporters.JUnitReportReporter -->
<testsuite hostname="pc-PC" name="com.TestNGProgrammes.NewTours_UserRegistration" tests="2" failures="0" timestamp="31 Jul 2019 13:32:02 GMT" time="16.456" errors="0">
  <testcase name="newTours_Register" time="4.319" classname="com.TestNGProgrammes.NewTours_UserRegistration"/>
  <testcase name="newTours_registration" time="12.137" classname="com.TestNGProgrammes.NewTours_UserRegistration"/>
</testsuite> <!-- com.TestNGProgrammes.NewTours_UserRegistration -->
