<?xml version="1.0" encoding="UTF-8"?>
<!-- Generated by org.testng.reporters.JUnitReportReporter -->
<testsuite hostname="pc-PC" name="com.TestNGProgrammes.CapturingAllRowsOfAllColumnsData" tests="1" failures="0" timestamp="30 Jul 2019 03:17:57 GMT" time="27.454" errors="0">
  <testcase name="capturingAllRwOfColumnsdata" time="27.454" classname="com.TestNGProgrammes.CapturingAllRowsOfAllColumnsData"/>
</testsuite> <!-- com.TestNGProgrammes.CapturingAllRowsOfAllColumnsData -->
