<?xml version="1.0" encoding="UTF-8"?>
<!-- Generated by org.testng.reporters.JUnitReportReporter -->
<testsuite hostname="pc-PC" name="com.RadioButtonsTesting.Group1_radioButtonsTesting" tests="1" failures="0" timestamp="30 Jul 2019 13:06:23 GMT" time="1.072" errors="0">
  <testcase name="group1_RadioButtonsTesting" time="1.072" classname="com.RadioButtonsTesting.Group1_radioButtonsTesting"/>
</testsuite> <!-- com.RadioButtonsTesting.Group1_radioButtonsTesting -->
