<?xml version="1.0" encoding="UTF-8"?>
<!-- Generated by org.testng.reporters.JUnitReportReporter -->
<testsuite hostname="pc-PC" name="com.Write.Read.ExcelSheetOp.Write_Read_ExceSheet_Operation" tests="1" failures="0" timestamp="6 Aug 2019 03:13:10 GMT" time="1.155" errors="0">
  <testcase name="ExcelWriteRead" time="1.155" classname="com.Write.Read.ExcelSheetOp.Write_Read_ExceSheet_Operation"/>
</testsuite> <!-- com.Write.Read.ExcelSheetOp.Write_Read_ExceSheet_Operation -->
