<?xml version="1.0" encoding="UTF-8"?>
<!-- Generated by org.testng.reporters.JUnitReportReporter -->
<testsuite hostname="pc-PC" name="com.TestNGProgrammes.TestNG_BeforeMethod_AfterMethod" tests="3" failures="0" timestamp="26 Jul 2019 17:43:19 GMT" time="0.000" errors="0">
  <testcase name="inboxInGmail" time="0.000" classname="com.TestNGProgrammes.TestNG_BeforeMethod_AfterMethod"/>
  <testcase name="OutboxInGmail" time="0.000" classname="com.TestNGProgrammes.TestNG_BeforeMethod_AfterMethod"/>
  <testcase name="gmailCompose" time="0.000" classname="com.TestNGProgrammes.TestNG_BeforeMethod_AfterMethod"/>
</testsuite> <!-- com.TestNGProgrammes.TestNG_BeforeMethod_AfterMethod -->
