<?xml version="1.0" encoding="UTF-8"?>
<!-- Generated by org.testng.reporters.JUnitReportReporter -->
<testsuite hostname="pc-PC" name="com.TestNGProgrammes.Group1_radioButtonsTesting" tests="1" failures="0" timestamp="1 Aug 2019 10:13:47 GMT" time="13.385" errors="0">
  <testcase name="group1_RadioButtonsTesting" time="13.385" classname="com.TestNGProgrammes.Group1_radioButtonsTesting"/>
</testsuite> <!-- com.TestNGProgrammes.Group1_radioButtonsTesting -->
