<?xml version="1.0" encoding="UTF-8"?>
<!-- Generated by org.testng.reporters.JUnitReportReporter -->
<testsuite hostname="pc-PC" name="com.TestNGProgrammes.TimeAndDate_firstRowFirstCoumn" tests="1" failures="0" timestamp="27 Jul 2019 11:32:38 GMT" time="0.094" errors="0">
  <testcase name="FirstRowFirstColumn" time="0.094" classname="com.TestNGProgrammes.TimeAndDate_firstRowFirstCoumn"/>
</testsuite> <!-- com.TestNGProgrammes.TimeAndDate_firstRowFirstCoumn -->
